<?xml version="1.0" encoding="UTF-8"?>
<!-- Generated by org.testng.reporters.JUnitReportReporter -->
<testsuite hostname="DESKTOP-140SBE7" name="com.application.LoginFunctionTestClass" tests="1" failures="0" timestamp="23 May 2018 13:28:26 GMT" time="2.447" errors="0">
  <testcase name="testcase3" time="2.447" classname="com.application.LoginFunctionTestClass"/>
</testsuite> <!-- com.application.LoginFunctionTestClass -->
