<?xml version="1.0" encoding="UTF-8"?>
<!-- Generated by org.testng.reporters.JUnitReportReporter -->
<testsuite hostname="DESKTOP-140SBE7" name="com.application.TablesTestClass" tests="1" failures="0" timestamp="23 May 2018 18:28:19 GMT" time="0.155" errors="0">
  <testcase name="tablesTest" time="0.155" classname="com.application.TablesTestClass"/>
</testsuite> <!-- com.application.TablesTestClass -->
