<?xml version="1.0" encoding="UTF-8"?>
<!-- Generated by org.testng.reporters.JUnitReportReporter -->
<testsuite hostname="DESKTOP-140SBE7" name="com.application.ActionsTestClass" tests="1" failures="0" timestamp="23 May 2018 23:25:50 GMT" time="5.188" errors="0">
  <testcase name="actionsTest" time="5.188" classname="com.application.ActionsTestClass"/>
</testsuite> <!-- com.application.ActionsTestClass -->
