<?xml version="1.0" encoding="UTF-8"?>
<!-- Generated by org.testng.reporters.JUnitReportReporter -->
<testsuite hostname="DESKTOP-140SBE7" name="com.application.NewTest" tests="1" failures="0" timestamp="23 May 2018 08:34:43 GMT" time="8.960" errors="0">
  <testcase name="testEasy" time="8.960" classname="com.application.NewTest"/>
</testsuite> <!-- com.application.NewTest -->
