<?xml version="1.0" encoding="UTF-8"?>
<!-- Generated by org.testng.reporters.JUnitReportReporter -->
<testsuite hostname="DESKTOP-140SBE7" name="com.application.WindowsAndAlertsTestClass" tests="1" failures="0" timestamp="23 May 2018 17:51:59 GMT" time="27.360" errors="0">
  <testcase name="windowstest" time="27.360" classname="com.application.WindowsAndAlertsTestClass"/>
</testsuite> <!-- com.application.WindowsAndAlertsTestClass -->
